2022-08-15 18:43:17,612 DEBUG    root            Loaded Command Group: ['gcloud', 'auth']
2022-08-15 18:43:17,625 DEBUG    root            Loaded Command Group: ['gcloud', 'auth', 'login']
2022-08-15 18:43:17,626 DEBUG    root            Running [gcloud.auth.login] with arguments: []
2022-08-15 18:43:17,629 DEBUG    requests_oauthlib.oauth2_session Generated new state ZvOlNt5ivNvqfciDDMG4p64mMPUPER.
2022-08-15 18:43:17,747 INFO     ___FILE_ONLY___ Your browser has been opened to visit:

    https://accounts.google.com/o/oauth2/auth?response_type=code&client_id=32555940559.apps.googleusercontent.com&redirect_uri=http%3A%2F%2Flocalhost%3A8085%2F&scope=openid+https%3A%2F%2Fwww.googleapis.com%2Fauth%2Fuserinfo.email+https%3A%2F%2Fwww.googleapis.com%2Fauth%2Fcloud-platform+https%3A%2F%2Fwww.googleapis.com%2Fauth%2Fappengine.admin+https%3A%2F%2Fwww.googleapis.com%2Fauth%2Fsqlservice.login+https%3A%2F%2Fwww.googleapis.com%2Fauth%2Fcompute+https%3A%2F%2Fwww.googleapis.com%2Fauth%2Faccounts.reauth&state=ZvOlNt5ivNvqfciDDMG4p64mMPUPER&access_type=offline&code_challenge=QHIQ91PZMFeUyYEsBHmGwG9y15hcSdCDF07XLaHKsUU&code_challenge_method=S256


2022-08-15 18:43:22,943 INFO     google_auth_oauthlib.flow "GET /?state=ZvOlNt5ivNvqfciDDMG4p64mMPUPER&code=4/0AdQt8qhrVdbMl3cuHJJSSS6DM_ekdT-xDQ1N9bStuc12m5ydFG8ylT4YtPXX0EfFcnYz8g&scope=email%20openid%20https://www.googleapis.com/auth/userinfo.email%20https://www.googleapis.com/auth/cloud-platform%20https://www.googleapis.com/auth/appengine.admin%20https://www.googleapis.com/auth/sqlservice.login%20https://www.googleapis.com/auth/compute%20https://www.googleapis.com/auth/accounts.reauth&authuser=0&hd=fastly.com&prompt=consent HTTP/1.1" 200 959
2022-08-15 18:43:22,945 DEBUG    requests_oauthlib.oauth2_session Requesting url https://oauth2.googleapis.com/token using method POST.
2022-08-15 18:43:22,946 DEBUG    requests_oauthlib.oauth2_session Supplying headers {b'Accept': b'application/json', b'Content-Type': b'application/x-www-form-urlencoded;charset=UTF-8', b'user-agent': b'google-cloud-sdk gcloud/397.0.0 command/gcloud.auth.login invocation-id/f2145ec108484c6a9c5a6ab787c591f1 environment/None environment-version/None interactive/True from-script/False python/3.10.6 term/xterm-256color (Macintosh; Intel Mac OS X 21.6.0)'} and data {'grant_type': 'authorization_code', 'client_id': '32555940559.apps.googleusercontent.com', 'client_secret': 'ZmssLNjJy2998hD4CTg2ejr2', 'code': '4/0AdQt8qhrVdbMl3cuHJJSSS6DM_ekdT-xDQ1N9bStuc12m5ydFG8ylT4YtPXX0EfFcnYz8g', 'redirect_uri': 'http://localhost:8085/', 'code_verifier': 'RoKNC9bHPrPh7qdzcp0l8H5JvGpahUSOpgIMGe1TaC84r5SFPXSTz0P8nip6mbH.FT.lmQziqNC.e~SvMLM_uI6r4DZJdAMb_.XYuMuxZxPstWMNJEKY-c9mITf4~-ZE'}
2022-08-15 18:43:22,946 DEBUG    requests_oauthlib.oauth2_session Passing through key word arguments {'json': None, 'timeout': None, 'auth': None, 'verify': None, 'proxies': None}.
2022-08-15 18:43:22,955 DEBUG    urllib3.connectionpool Starting new HTTPS connection (1): oauth2.googleapis.com:443
2022-08-15 18:43:23,123 DEBUG    urllib3.connectionpool https://oauth2.googleapis.com:443 "POST /token HTTP/1.1" 200 None
2022-08-15 18:43:23,125 DEBUG    requests_oauthlib.oauth2_session Prepared fetch token request body grant_type=authorization_code&client_id=32555940559.apps.googleusercontent.com&client_secret=ZmssLNjJy2998hD4CTg2ejr2&code=4%2F0AdQt8qhrVdbMl3cuHJJSSS6DM_ekdT-xDQ1N9bStuc12m5ydFG8ylT4YtPXX0EfFcnYz8g&redirect_uri=http%3A%2F%2Flocalhost%3A8085%2F&code_verifier=RoKNC9bHPrPh7qdzcp0l8H5JvGpahUSOpgIMGe1TaC84r5SFPXSTz0P8nip6mbH.FT.lmQziqNC.e~SvMLM_uI6r4DZJdAMb_.XYuMuxZxPstWMNJEKY-c9mITf4~-ZE
2022-08-15 18:43:23,126 DEBUG    requests_oauthlib.oauth2_session Request to fetch token completed with status 200.
2022-08-15 18:43:23,127 DEBUG    requests_oauthlib.oauth2_session Request headers were {'user-agent': b'google-cloud-sdk gcloud/397.0.0 command/gcloud.auth.login invocation-id/f2145ec108484c6a9c5a6ab787c591f1 environment/None environment-version/None interactive/True from-script/False python/3.10.6 term/xterm-256color (Macintosh; Intel Mac OS X 21.6.0)', 'Accept-Encoding': 'gzip, deflate', 'Accept': b'application/json', 'Connection': 'keep-alive', 'Content-Type': b'application/x-www-form-urlencoded;charset=UTF-8', 'Content-Length': '387'}
2022-08-15 18:43:23,127 DEBUG    requests_oauthlib.oauth2_session Request body was grant_type=authorization_code&client_id=32555940559.apps.googleusercontent.com&client_secret=ZmssLNjJy2998hD4CTg2ejr2&code=4%2F0AdQt8qhrVdbMl3cuHJJSSS6DM_ekdT-xDQ1N9bStuc12m5ydFG8ylT4YtPXX0EfFcnYz8g&redirect_uri=http%3A%2F%2Flocalhost%3A8085%2F&code_verifier=RoKNC9bHPrPh7qdzcp0l8H5JvGpahUSOpgIMGe1TaC84r5SFPXSTz0P8nip6mbH.FT.lmQziqNC.e~SvMLM_uI6r4DZJdAMb_.XYuMuxZxPstWMNJEKY-c9mITf4~-ZE
2022-08-15 18:43:23,127 DEBUG    requests_oauthlib.oauth2_session Response headers were {'Expires': 'Mon, 01 Jan 1990 00:00:00 GMT', 'Date': 'Mon, 15 Aug 2022 23:43:23 GMT', 'Pragma': 'no-cache', 'Cache-Control': 'no-cache, no-store, max-age=0, must-revalidate', 'Content-Type': 'application/json; charset=utf-8', 'Vary': 'Origin, X-Origin, Referer', 'Content-Encoding': 'gzip', 'Server': 'scaffolding on HTTPServer2', 'X-XSS-Protection': '0', 'X-Frame-Options': 'SAMEORIGIN', 'X-Content-Type-Options': 'nosniff', 'Alt-Svc': 'h3=":443"; ma=2592000,h3-29=":443"; ma=2592000,h3-Q050=":443"; ma=2592000,h3-Q046=":443"; ma=2592000,h3-Q043=":443"; ma=2592000,quic=":443"; ma=2592000; v="46,43"', 'Transfer-Encoding': 'chunked'} and content {
  "access_token": "ya29.A0AVA9y1vxhDGeze5GDBDPRokr97XBJIEJO9_1j2dS1Vrt9PRz-0tjvB1avwA2B0pZQjW92Qm4H6MdZmj5nUc-1yOy6E1p_EsRDuRuWM8WoAFzf-R3sHyftmI6Pf-Pz2Ex8JsH1QP8M65b720TBQRlvFfnJSY4zhB-IQeXaCgYKATASATASFQE65dr8TyXGw-IRzBqAAqrVj24oDQ0171",
  "expires_in": 3599,
  "refresh_token": "1//0dGpHZHJdo-QlCgYIARAAGA0SNwF-L9Irw8nOkLJdylLGHZhOsAc5UHB-D27EzvBWVTVw812MAjIwRxXtdfGhEWD_k829xcmRe6w",
  "scope": "https://www.googleapis.com/auth/appengine.admin https://www.googleapis.com/auth/userinfo.email https://www.googleapis.com/auth/sqlservice.login https://www.googleapis.com/auth/accounts.reauth openid https://www.googleapis.com/auth/compute https://www.googleapis.com/auth/cloud-platform",
  "token_type": "Bearer",
  "id_token": "eyJhbGciOiJSUzI1NiIsImtpZCI6IjE3MjdiNmI0OTQwMmI5Y2Y5NWJlNGU4ZmQzOGFhN2U3YzExNjQ0YjEiLCJ0eXAiOiJKV1QifQ.eyJpc3MiOiJodHRwczovL2FjY291bnRzLmdvb2dsZS5jb20iLCJhenAiOiIzMjU1NTk0MDU1OS5hcHBzLmdvb2dsZXVzZXJjb250ZW50LmNvbSIsImF1ZCI6IjMyNTU1OTQwNTU5LmFwcHMuZ29vZ2xldXNlcmNvbnRlbnQuY29tIiwic3ViIjoiMTA5NDg0OTcxMzE2MTExMjE3MTQ1IiwiaGQiOiJmYXN0bHkuY29tIiwiZW1haWwiOiJjc2NobGVnZWxAZmFzdGx5LmNvbSIsImVtYWlsX3ZlcmlmaWVkIjp0cnVlLCJhdF9oYXNoIjoicGd1ZC1Bb3h6NFNncXlLUmdDbHlHUSIsImlhdCI6MTY2MDYwNzAwMywiZXhwIjoxNjYwNjEwNjAzfQ.rMw1dsJo-i4RDArFkeE1OKFmAtEzP86bY8Q1dzDwnOLQ4x2zyZHHYnodeYcRVISDxKZoA4M3MhC8lwvs3vWyo9XVJdfah3m_CE6Slr9IRejtzMbY7oGjFMuk4jugAP76auoggPlWurMGeEgfAo8OCKTSW3UKdw7N0NQ73kJ7vkgnxDRDwrDT-Ub2hLKxazGGIb5pfR65VxhDcNC8FttJ-nxd4sx3ZwsftV0oKa4d7mu3PmLj4jH3zeOykR5sbind0GV8KmeLYrHNSw_myAh4oYdN7ZOJDFeeeAjTtym2L0L13QsI9VjujBBsJAO3R8P9TodOR2zDvdCmpI_ZYA5PLg"
}.
2022-08-15 18:43:23,127 DEBUG    requests_oauthlib.oauth2_session Invoking 0 token response hooks.
2022-08-15 18:43:23,128 DEBUG    requests_oauthlib.oauth2_session Obtained token {'access_token': 'ya29.A0AVA9y1vxhDGeze5GDBDPRokr97XBJIEJO9_1j2dS1Vrt9PRz-0tjvB1avwA2B0pZQjW92Qm4H6MdZmj5nUc-1yOy6E1p_EsRDuRuWM8WoAFzf-R3sHyftmI6Pf-Pz2Ex8JsH1QP8M65b720TBQRlvFfnJSY4zhB-IQeXaCgYKATASATASFQE65dr8TyXGw-IRzBqAAqrVj24oDQ0171', 'expires_in': 3599, 'refresh_token': '1//0dGpHZHJdo-QlCgYIARAAGA0SNwF-L9Irw8nOkLJdylLGHZhOsAc5UHB-D27EzvBWVTVw812MAjIwRxXtdfGhEWD_k829xcmRe6w', 'scope': ['https://www.googleapis.com/auth/appengine.admin', 'https://www.googleapis.com/auth/userinfo.email', 'https://www.googleapis.com/auth/sqlservice.login', 'https://www.googleapis.com/auth/accounts.reauth', 'openid', 'https://www.googleapis.com/auth/compute', 'https://www.googleapis.com/auth/cloud-platform'], 'token_type': 'Bearer', 'id_token': 'eyJhbGciOiJSUzI1NiIsImtpZCI6IjE3MjdiNmI0OTQwMmI5Y2Y5NWJlNGU4ZmQzOGFhN2U3YzExNjQ0YjEiLCJ0eXAiOiJKV1QifQ.eyJpc3MiOiJodHRwczovL2FjY291bnRzLmdvb2dsZS5jb20iLCJhenAiOiIzMjU1NTk0MDU1OS5hcHBzLmdvb2dsZXVzZXJjb250ZW50LmNvbSIsImF1ZCI6IjMyNTU1OTQwNTU5LmFwcHMuZ29vZ2xldXNlcmNvbnRlbnQuY29tIiwic3ViIjoiMTA5NDg0OTcxMzE2MTExMjE3MTQ1IiwiaGQiOiJmYXN0bHkuY29tIiwiZW1haWwiOiJjc2NobGVnZWxAZmFzdGx5LmNvbSIsImVtYWlsX3ZlcmlmaWVkIjp0cnVlLCJhdF9oYXNoIjoicGd1ZC1Bb3h6NFNncXlLUmdDbHlHUSIsImlhdCI6MTY2MDYwNzAwMywiZXhwIjoxNjYwNjEwNjAzfQ.rMw1dsJo-i4RDArFkeE1OKFmAtEzP86bY8Q1dzDwnOLQ4x2zyZHHYnodeYcRVISDxKZoA4M3MhC8lwvs3vWyo9XVJdfah3m_CE6Slr9IRejtzMbY7oGjFMuk4jugAP76auoggPlWurMGeEgfAo8OCKTSW3UKdw7N0NQ73kJ7vkgnxDRDwrDT-Ub2hLKxazGGIb5pfR65VxhDcNC8FttJ-nxd4sx3ZwsftV0oKa4d7mu3PmLj4jH3zeOykR5sbind0GV8KmeLYrHNSw_myAh4oYdN7ZOJDFeeeAjTtym2L0L13QsI9VjujBBsJAO3R8P9TodOR2zDvdCmpI_ZYA5PLg', 'expires_at': 1660610602.1279612}.
2022-08-15 18:43:23,155 INFO     ___FILE_ONLY___ 
You are now logged in as [cschlegel@fastly.com].
Your current project is [None].  You can change this setting by running:
  $ gcloud config set project PROJECT_ID

2022-08-15 18:43:23,156 INFO     root            Display format: "none"
