2022-08-15 20:13:55,372 ERROR    root            (gcloud) Command name argument expected.
2022-08-15 20:13:55,373 DEBUG    root            Loaded Command Group: ['gcloud', 'data_catalog']
2022-08-15 20:13:55,374 DEBUG    root            Loaded Command Group: ['gcloud', 'metastore']
2022-08-15 20:13:55,375 DEBUG    root            Loaded Command Group: ['gcloud', 'resource_settings']
2022-08-15 20:13:55,376 DEBUG    root            Loaded Command Group: ['gcloud', 'firebase']
2022-08-15 20:13:55,377 DEBUG    root            Loaded Command Group: ['gcloud', 'firestore']
2022-08-15 20:13:55,378 DEBUG    root            Loaded Command Group: ['gcloud', 'cheat_sheet']
2022-08-15 20:13:55,379 DEBUG    root            Loaded Command Group: ['gcloud', 'service_directory']
2022-08-15 20:13:55,380 DEBUG    root            Loaded Command Group: ['gcloud', 'spanner']
2022-08-15 20:13:55,383 DEBUG    root            Loaded Command Group: ['gcloud', 'docker']
2022-08-15 20:13:55,384 DEBUG    root            No implementation for release track [GA] for element: [/Users/cori/google-cloud-sdk/lib/surface/beyondcorp]
2022-08-15 20:13:55,384 DEBUG    root            Loaded Command Group: ['gcloud', 'meta']
2022-08-15 20:13:55,393 DEBUG    root            Loaded Command Group: ['gcloud', 'help']
2022-08-15 20:13:55,394 DEBUG    root            Loaded Command Group: ['gcloud', 'active_directory']
2022-08-15 20:13:55,395 DEBUG    root            Loaded Command Group: ['gcloud', 'auth']
2022-08-15 20:13:55,396 DEBUG    root            Loaded Command Group: ['gcloud', 'deployment_manager']
2022-08-15 20:13:55,397 DEBUG    root            Loaded Command Group: ['gcloud', 'monitoring']
2022-08-15 20:13:55,398 DEBUG    root            No implementation for release track [GA] for element: [/Users/cori/google-cloud-sdk/lib/surface/remote_build_execution]
2022-08-15 20:13:55,398 DEBUG    root            Loaded Command Group: ['gcloud', 'policy_troubleshoot']
2022-08-15 20:13:55,399 DEBUG    root            Loaded Command Group: ['gcloud', 'dataproc']
2022-08-15 20:13:55,400 DEBUG    root            No implementation for release track [GA] for element: [/Users/cori/google-cloud-sdk/lib/surface/immersive_stream]
2022-08-15 20:13:55,400 DEBUG    root            Loaded Command Group: ['gcloud', 'scheduler']
2022-08-15 20:13:55,401 DEBUG    root            No implementation for release track [GA] for element: [/Users/cori/google-cloud-sdk/lib/surface/lifesciences]
2022-08-15 20:13:55,402 DEBUG    root            Loaded Command Group: ['gcloud', 'org_policies']
2022-08-15 20:13:55,403 DEBUG    root            Loaded Command Group: ['gcloud', 'iam']
2022-08-15 20:13:55,403 DEBUG    root            No implementation for release track [GA] for element: [/Users/cori/google-cloud-sdk/lib/surface/dlp]
2022-08-15 20:13:55,404 DEBUG    root            Loaded Command Group: ['gcloud', 'apigee']
2022-08-15 20:13:55,405 DEBUG    root            Loaded Command Group: ['gcloud', 'dataplex']
2022-08-15 20:13:55,406 DEBUG    root            Loaded Command Group: ['gcloud', 'edge_cache']
2022-08-15 20:13:55,406 DEBUG    root            Loaded Command Group: ['gcloud', 'organizations']
2022-08-15 20:13:55,407 DEBUG    root            Loaded Command Group: ['gcloud', 'projects']
2022-08-15 20:13:55,408 DEBUG    root            Loaded Command Group: ['gcloud', 'access_approval']
2022-08-15 20:13:55,409 DEBUG    root            Loaded Command Group: ['gcloud', 'ml']
2022-08-15 20:13:55,410 DEBUG    root            Loaded Command Group: ['gcloud', 'network_security']
2022-08-15 20:13:55,411 DEBUG    root            No implementation for release track [GA] for element: [/Users/cori/google-cloud-sdk/lib/surface/datapipelines]
2022-08-15 20:13:55,411 DEBUG    root            Loaded Command Group: ['gcloud', 'workflows']
2022-08-15 20:13:55,412 DEBUG    root            No implementation for release track [GA] for element: [/Users/cori/google-cloud-sdk/lib/surface/web_security_scanner]
2022-08-15 20:13:55,412 DEBUG    root            Loaded Command Group: ['gcloud', 'access_context_manager']
2022-08-15 20:13:55,413 DEBUG    root            Loaded Command Group: ['gcloud', 'app']
2022-08-15 20:13:55,414 DEBUG    root            Loaded Command Group: ['gcloud', 'components']
2022-08-15 20:13:55,415 DEBUG    root            No implementation for release track [GA] for element: [/Users/cori/google-cloud-sdk/lib/surface/trace]
2022-08-15 20:13:55,416 DEBUG    root            Loaded Command Group: ['gcloud', 'datastore']
2022-08-15 20:13:55,422 DEBUG    root            Loaded Command Group: ['gcloud', 'feedback']
2022-08-15 20:13:55,422 DEBUG    root            Loaded Command Group: ['gcloud', 'assured']
2022-08-15 20:13:55,423 DEBUG    root            Loaded Command Group: ['gcloud', 'datastream']
2022-08-15 20:13:55,424 DEBUG    root            No implementation for release track [GA] for element: [/Users/cori/google-cloud-sdk/lib/surface/storage]
2022-08-15 20:13:55,425 DEBUG    root            Loaded Command Group: ['gcloud', 'recommender']
2022-08-15 20:13:55,426 DEBUG    root            No implementation for release track [GA] for element: [/Users/cori/google-cloud-sdk/lib/surface/commerce_procurement]
2022-08-15 20:13:55,426 DEBUG    root            Loaded Command Group: ['gcloud', 'memcache']
2022-08-15 20:13:55,427 DEBUG    root            Loaded Command Group: ['gcloud', 'iap']
2022-08-15 20:13:55,428 DEBUG    root            Loaded Command Group: ['gcloud', 'healthcare']
2022-08-15 20:13:55,429 DEBUG    root            No implementation for release track [GA] for element: [/Users/cori/google-cloud-sdk/lib/surface/network_actions]
2022-08-15 20:13:55,430 DEBUG    root            Loaded Command Group: ['gcloud', 'anthos']
2022-08-15 20:13:55,455 DEBUG    root            Loaded Command Group: ['gcloud', 'ml_engine']
2022-08-15 20:13:55,461 DEBUG    root            Loaded Command Group: ['gcloud', 'survey']
2022-08-15 20:13:55,463 DEBUG    root            Loaded Command Group: ['gcloud', 'init']
2022-08-15 20:13:55,465 DEBUG    root            No implementation for release track [GA] for element: [/Users/cori/google-cloud-sdk/lib/surface/runtime_config]
2022-08-15 20:13:55,465 DEBUG    root            No implementation for release track [GA] for element: [/Users/cori/google-cloud-sdk/lib/surface/data_fusion]
2022-08-15 20:13:55,466 DEBUG    root            Loaded Command Group: ['gcloud', 'network_management']
2022-08-15 20:13:55,467 DEBUG    root            Loaded Command Group: ['gcloud', 'config']
2022-08-15 20:13:55,468 DEBUG    root            Loaded Command Group: ['gcloud', 'deploy']
2022-08-15 20:13:55,469 DEBUG    root            Loaded Command Group: ['gcloud', 'dataflow']
2022-08-15 20:13:55,470 DEBUG    root            Loaded Command Group: ['gcloud', 'ai_platform']
2022-08-15 20:13:55,470 DEBUG    root            Loaded Command Group: ['gcloud', 'artifacts']
2022-08-15 20:13:55,471 DEBUG    root            Loaded Command Group: ['gcloud', 'asset']
2022-08-15 20:13:55,472 DEBUG    root            Loaded Command Group: ['gcloud', 'kms']
2022-08-15 20:13:55,473 DEBUG    root            No implementation for release track [GA] for element: [/Users/cori/google-cloud-sdk/lib/surface/publicca]
2022-08-15 20:13:55,473 DEBUG    root            Loaded Command Group: ['gcloud', 'bms']
2022-08-15 20:13:55,474 DEBUG    root            Loaded Command Group: ['gcloud', 'network_services']
2022-08-15 20:13:55,475 DEBUG    root            Loaded Command Group: ['gcloud', 'bigtable']
2022-08-15 20:13:55,476 DEBUG    root            No implementation for release track [GA] for element: [/Users/cori/google-cloud-sdk/lib/surface/workstations]
2022-08-15 20:13:55,476 DEBUG    root            Loaded Command Group: ['gcloud', 'edge_cloud']
2022-08-15 20:13:55,477 DEBUG    root            No implementation for release track [GA] for element: [/Users/cori/google-cloud-sdk/lib/surface/bq]
2022-08-15 20:13:55,478 DEBUG    root            Loaded Command Group: ['gcloud', 'game']
2022-08-15 20:13:55,478 DEBUG    root            Loaded Command Group: ['gcloud', 'run']
2022-08-15 20:13:55,479 DEBUG    root            Loaded Command Group: ['gcloud', 'identity']
2022-08-15 20:13:55,480 DEBUG    root            Loaded Command Group: ['gcloud', 'pubsub']
2022-08-15 20:13:55,481 DEBUG    root            Loaded Command Group: ['gcloud', 'tasks']
2022-08-15 20:13:55,482 DEBUG    root            No implementation for release track [GA] for element: [/Users/cori/google-cloud-sdk/lib/surface/resource_config]
2022-08-15 20:13:55,482 DEBUG    root            Loaded Command Group: ['gcloud', 'resource_manager']
2022-08-15 20:13:55,483 DEBUG    root            Loaded Command Group: ['gcloud', 'cloud_shell']
2022-08-15 20:13:55,484 DEBUG    root            Loaded Command Group: ['gcloud', 'essential_contacts']
2022-08-15 20:13:55,485 DEBUG    root            Loaded Command Group: ['gcloud', 'workspace_add_ons']
2022-08-15 20:13:55,486 DEBUG    root            Loaded Command Group: ['gcloud', 'filestore']
2022-08-15 20:13:55,487 DEBUG    root            No implementation for release track [GA] for element: [/Users/cori/google-cloud-sdk/lib/surface/genomics]
2022-08-15 20:13:55,487 DEBUG    root            Loaded Command Group: ['gcloud', 'services']
2022-08-15 20:13:55,488 DEBUG    root            Loaded Command Group: ['gcloud', 'sql']
2022-08-15 20:13:55,489 DEBUG    root            Loaded Command Group: ['gcloud', 'logging']
2022-08-15 20:13:55,527 DEBUG    root            No implementation for release track [GA] for element: [/Users/cori/google-cloud-sdk/lib/surface/events]
2022-08-15 20:13:55,528 DEBUG    root            No implementation for release track [GA] for element: [/Users/cori/google-cloud-sdk/lib/surface/error_reporting]
2022-08-15 20:13:55,528 DEBUG    root            No implementation for release track [GA] for element: [/Users/cori/google-cloud-sdk/lib/surface/kuberun]
2022-08-15 20:13:55,529 DEBUG    root            Loaded Command Group: ['gcloud', 'certificate_manager']
2022-08-15 20:13:55,530 DEBUG    root            Loaded Command Group: ['gcloud', 'privateca']
2022-08-15 20:13:55,531 DEBUG    root            No implementation for release track [GA] for element: [/Users/cori/google-cloud-sdk/lib/surface/dialogflow]
2022-08-15 20:13:55,531 DEBUG    root            Loaded Command Group: ['gcloud', 'emulators']
2022-08-15 20:13:55,532 DEBUG    root            Loaded Command Group: ['gcloud', 'secrets']
2022-08-15 20:13:55,638 DEBUG    root            No implementation for release track [GA] for element: [/Users/cori/google-cloud-sdk/lib/surface/interactive]
2022-08-15 20:13:55,639 DEBUG    root            Loaded Command Group: ['gcloud', 'transfer']
2022-08-15 20:13:55,640 DEBUG    root            Loaded Command Group: ['gcloud', 'version']
2022-08-15 20:13:55,641 DEBUG    root            Loaded Command Group: ['gcloud', 'endpoints']
2022-08-15 20:13:55,643 DEBUG    root            Loaded Command Group: ['gcloud', 'debug']
2022-08-15 20:13:55,643 DEBUG    root            Loaded Command Group: ['gcloud', 'billing']
2022-08-15 20:13:55,644 DEBUG    root            Loaded Command Group: ['gcloud', 'topic']
2022-08-15 20:13:55,647 DEBUG    root            No implementation for release track [GA] for element: [/Users/cori/google-cloud-sdk/lib/surface/code]
2022-08-15 20:13:55,647 DEBUG    root            Loaded Command Group: ['gcloud', 'recaptcha']
2022-08-15 20:13:55,648 DEBUG    root            Loaded Command Group: ['gcloud', 'ai']
2022-08-15 20:13:55,649 DEBUG    root            No implementation for release track [GA] for element: [/Users/cori/google-cloud-sdk/lib/surface/blueprints]
2022-08-15 20:13:55,649 DEBUG    root            Loaded Command Group: ['gcloud', 'ids']
2022-08-15 20:13:55,650 DEBUG    root            Loaded Command Group: ['gcloud', 'database_migration']
2022-08-15 20:13:55,651 DEBUG    root            Loaded Command Group: ['gcloud', 'api_gateway']
2022-08-15 20:13:55,652 DEBUG    root            Loaded Command Group: ['gcloud', 'scc']
2022-08-15 20:13:55,654 DEBUG    root            Loaded Command Group: ['gcloud', 'builds']
2022-08-15 20:13:55,656 DEBUG    root            Loaded Command Group: ['gcloud', 'vmware']
2022-08-15 20:13:55,657 DEBUG    root            Loaded Command Group: ['gcloud', 'iot']
2022-08-15 20:13:55,658 DEBUG    root            Loaded Command Group: ['gcloud', 'redis']
2022-08-15 20:13:55,659 DEBUG    root            Loaded Command Group: ['gcloud', 'notebooks']
2022-08-15 20:13:55,661 DEBUG    root            Loaded Command Group: ['gcloud', 'info']
2022-08-15 20:13:55,662 DEBUG    root            Loaded Command Group: ['gcloud', 'composer']
2022-08-15 20:13:55,677 DEBUG    root            Loaded Command Group: ['gcloud', 'source']
2022-08-15 20:13:55,678 DEBUG    root            No implementation for release track [GA] for element: [/Users/cori/google-cloud-sdk/lib/surface/terraform]
2022-08-15 20:13:55,681 DEBUG    root            Loaded Command Group: ['gcloud', 'functions']
2022-08-15 20:13:55,682 DEBUG    root            Loaded Command Group: ['gcloud', 'transcoder']
2022-08-15 20:13:55,683 DEBUG    root            Loaded Command Group: ['gcloud', 'network_connectivity']
2022-08-15 20:13:55,684 DEBUG    root            No implementation for release track [GA] for element: [/Users/cori/google-cloud-sdk/lib/surface/alloydb]
2022-08-15 20:13:55,684 DEBUG    root            No implementation for release track [GA] for element: [/Users/cori/google-cloud-sdk/lib/surface/batch]
2022-08-15 20:13:55,684 DEBUG    root            Loaded Command Group: ['gcloud', 'dns']
2022-08-15 20:13:55,735 DEBUG    root            Loaded Command Group: ['gcloud', 'compute']
2022-08-15 20:13:55,737 DEBUG    root            Loaded Command Group: ['gcloud', 'domains']
2022-08-15 20:13:55,738 DEBUG    root            No implementation for release track [GA] for element: [/Users/cori/google-cloud-sdk/lib/surface/microservices]
2022-08-15 20:13:55,738 DEBUG    root            No implementation for release track [GA] for element: [/Users/cori/google-cloud-sdk/lib/surface/media]
2022-08-15 20:13:55,739 DEBUG    root            Loaded Command Group: ['gcloud', 'eventarc']
2022-08-15 20:13:55,740 DEBUG    root            Loaded Command Group: ['gcloud', 'policy_intelligence']
