15/08/22 (22:52:09) | ERROR: Exception while getting cpu frequency!
15/08/22 (22:52:09) | ERROR: [Errno 2] No such file or directory (originated from sysctl(HW_CPU_FREQ))
Traceback (most recent call last):
  File "/opt/homebrew/lib/python3.10/site-packages/bpytop.py", line 3080, in _collect
    if CONFIG.show_cpu_freq and hasattr(psutil.cpu_freq(), "current"):
  File "/opt/homebrew/lib/python3.10/site-packages/psutil/__init__.py", line 1864, in cpu_freq
    ret = _psplatform.cpu_freq()
  File "/opt/homebrew/lib/python3.10/site-packages/psutil/_psosx.py", line 179, in cpu_freq
    curr, min_, max_ = cext.cpu_freq()
FileNotFoundError: [Errno 2] No such file or directory (originated from sysctl(HW_CPU_FREQ))
14/12/22 (14:45:26) | ERROR: Exception while getting cpu frequency!
14/12/22 (14:45:26) | ERROR: [Errno 2] No such file or directory (originated from sysctl(HW_CPU_FREQ))
Traceback (most recent call last):
  File "/opt/homebrew/lib/python3.10/site-packages/bpytop.py", line 3080, in _collect
    if CONFIG.show_cpu_freq and hasattr(psutil.cpu_freq(), "current"):
  File "/opt/homebrew/lib/python3.10/site-packages/psutil/__init__.py", line 1864, in cpu_freq
    ret = _psplatform.cpu_freq()
  File "/opt/homebrew/lib/python3.10/site-packages/psutil/_psosx.py", line 179, in cpu_freq
    curr, min_, max_ = cext.cpu_freq()
FileNotFoundError: [Errno 2] No such file or directory (originated from sysctl(HW_CPU_FREQ))
23/03/23 (16:08:07) | ERROR: Exception while getting cpu frequency!
23/03/23 (16:08:07) | ERROR: [Errno 2] No such file or directory (originated from sysctl(HW_CPU_FREQ))
Traceback (most recent call last):
  File "/opt/homebrew/lib/python3.10/site-packages/bpytop.py", line 3080, in _collect
    if CONFIG.show_cpu_freq and hasattr(psutil.cpu_freq(), "current"):
  File "/opt/homebrew/lib/python3.10/site-packages/psutil/__init__.py", line 1864, in cpu_freq
    ret = _psplatform.cpu_freq()
  File "/opt/homebrew/lib/python3.10/site-packages/psutil/_psosx.py", line 179, in cpu_freq
    curr, min_, max_ = cext.cpu_freq()
FileNotFoundError: [Errno 2] No such file or directory (originated from sysctl(HW_CPU_FREQ))
